[0.009s] Invoking command in '/home/carmendrpr/ros2_ws/src/knowledge_graph/knowledge_graph_msgs/build/knowledge_graph_msgs': CMAKE_PREFIX_PATH=${CMAKE_PREFIX_PATH}:/home/carmendrpr/ros2_ws/install/knowledge_graph_viewer:/home/carmendrpr/aerostack2_ws/install/as2_keyboard_teleoperation:/home/carmendrpr/aerostack2_ws/install/as2_python_api:/opt/ros/humble /usr/bin/cmake /home/carmendrpr/ros2_ws/src/knowledge_graph/knowledge_graph_msgs -DAMENT_CMAKE_SYMLINK_INSTALL=1 -DCMAKE_INSTALL_PREFIX=/home/carmendrpr/ros2_ws/src/knowledge_graph/knowledge_graph_msgs/install/knowledge_graph_msgs
[0.070s] -- The C compiler identification is GNU 11.4.0
[0.118s] -- The CXX compiler identification is GNU 11.4.0
[0.124s] -- Detecting C compiler ABI info
[0.191s] -- Detecting C compiler ABI info - done
[0.196s] -- Check for working C compiler: /usr/bin/cc - skipped
[0.196s] -- Detecting C compile features
[0.197s] -- Detecting C compile features - done
[0.200s] -- Detecting CXX compiler ABI info
[0.266s] -- Detecting CXX compiler ABI info - done
[0.271s] -- Check for working CXX compiler: /usr/bin/c++ - skipped
[0.271s] -- Detecting CXX compile features
[0.271s] -- Detecting CXX compile features - done
[0.278s] -- Found ament_cmake: 1.3.8 (/opt/ros/humble/share/ament_cmake/cmake)
[0.399s] -- Found Python3: /usr/bin/python3 (found version "3.10.12") found components: Interpreter 
[0.442s] -- Override CMake install command with custom implementation using symlinks instead of copying resources
[0.492s] -- Found builtin_interfaces: 1.2.1 (/opt/ros/humble/share/builtin_interfaces/cmake)
[0.529s] -- Found rosidl_generator_c: 3.1.5 (/opt/ros/humble/share/rosidl_generator_c/cmake)
[0.536s] -- Found rosidl_adapter: 3.1.5 (/opt/ros/humble/share/rosidl_adapter/cmake)
[0.545s] -- Found rosidl_generator_cpp: 3.1.5 (/opt/ros/humble/share/rosidl_generator_cpp/cmake)
[0.559s] -- Using all available rosidl_typesupport_c: rosidl_typesupport_fastrtps_c;rosidl_typesupport_introspection_c
[0.578s] -- Using all available rosidl_typesupport_cpp: rosidl_typesupport_fastrtps_cpp;rosidl_typesupport_introspection_cpp
[0.596s] -- Found rosidl_default_generators: 1.2.0 (/opt/ros/humble/share/rosidl_default_generators/cmake)
[0.799s] -- Found ament_cmake_ros: 0.10.0 (/opt/ros/humble/share/ament_cmake_ros/cmake)
[1.034s] -- Using all available rosidl_typesupport_c: rosidl_typesupport_fastrtps_c;rosidl_typesupport_introspection_c
[1.120s] -- Using all available rosidl_typesupport_cpp: rosidl_typesupport_fastrtps_cpp;rosidl_typesupport_introspection_cpp
[1.139s] -- Found PythonInterp: /usr/bin/python3 (found suitable version "3.10.12", minimum required is "3.6") 
[1.150s] -- Found python_cmake_module: 0.10.0 (/opt/ros/humble/share/python_cmake_module/cmake)
[1.177s] -- Found PythonLibs: /usr/lib/x86_64-linux-gnu/libpython3.10.so (found suitable version "3.10.12", minimum required is "3.5") 
[1.177s] -- Using PYTHON_EXECUTABLE: /usr/bin/python3
[1.177s] -- Using PYTHON_INCLUDE_DIRS: /usr/include/python3.10
[1.177s] -- Using PYTHON_LIBRARIES: /usr/lib/x86_64-linux-gnu/libpython3.10.so
[1.197s] -- Found PythonExtra: .so  
[1.237s] -- Configuring done
[1.259s] -- Generating done
[1.260s] -- Build files have been written to: /home/carmendrpr/ros2_ws/src/knowledge_graph/knowledge_graph_msgs/build/knowledge_graph_msgs
[1.264s] Invoked command in '/home/carmendrpr/ros2_ws/src/knowledge_graph/knowledge_graph_msgs/build/knowledge_graph_msgs' returned '0': CMAKE_PREFIX_PATH=${CMAKE_PREFIX_PATH}:/home/carmendrpr/ros2_ws/install/knowledge_graph_viewer:/home/carmendrpr/aerostack2_ws/install/as2_keyboard_teleoperation:/home/carmendrpr/aerostack2_ws/install/as2_python_api:/opt/ros/humble /usr/bin/cmake /home/carmendrpr/ros2_ws/src/knowledge_graph/knowledge_graph_msgs -DAMENT_CMAKE_SYMLINK_INSTALL=1 -DCMAKE_INSTALL_PREFIX=/home/carmendrpr/ros2_ws/src/knowledge_graph/knowledge_graph_msgs/install/knowledge_graph_msgs
[1.266s] Invoking command in '/home/carmendrpr/ros2_ws/src/knowledge_graph/knowledge_graph_msgs/build/knowledge_graph_msgs': CMAKE_PREFIX_PATH=${CMAKE_PREFIX_PATH}:/home/carmendrpr/ros2_ws/install/knowledge_graph_viewer:/home/carmendrpr/aerostack2_ws/install/as2_keyboard_teleoperation:/home/carmendrpr/aerostack2_ws/install/as2_python_api:/opt/ros/humble /usr/bin/cmake --build /home/carmendrpr/ros2_ws/src/knowledge_graph/knowledge_graph_msgs/build/knowledge_graph_msgs -- -j8 -l8
[1.299s] [  1%] [34m[1mGenerating C code for ROS interfaces[0m
[1.308s] [  2%] [34m[1mGenerating C++ code for ROS interfaces[0m
[1.314s] [  2%] Built target ament_cmake_python_symlink_knowledge_graph_msgs
[1.504s] running egg_info
[1.505s] creating knowledge_graph_msgs.egg-info
[1.505s] writing knowledge_graph_msgs.egg-info/PKG-INFO
[1.505s] writing dependency_links to knowledge_graph_msgs.egg-info/dependency_links.txt
[1.505s] writing top-level names to knowledge_graph_msgs.egg-info/top_level.txt
[1.505s] writing manifest file 'knowledge_graph_msgs.egg-info/SOURCES.txt'
[1.507s] reading manifest file 'knowledge_graph_msgs.egg-info/SOURCES.txt'
[1.507s] writing manifest file 'knowledge_graph_msgs.egg-info/SOURCES.txt'
[1.526s] [  2%] Built target ament_cmake_python_build_knowledge_graph_msgs_egg
[1.754s] [  2%] Built target knowledge_graph_msgs__cpp
[1.768s] [  4%] [34m[1mGenerating C++ type support dispatch for ROS interfaces[0m
[1.773s] [  7%] [34m[1mGenerating C++ type support for eProsima Fast-RTPS[0m
[1.773s] [  7%] [34m[1mGenerating C++ introspection for ROS interfaces[0m
[1.811s] [  8%] [32mBuilding C object CMakeFiles/knowledge_graph_msgs__rosidl_generator_c.dir/rosidl_generator_c/knowledge_graph_msgs/msg/detail/content__functions.c.o[0m
[1.812s] [  9%] [32mBuilding C object CMakeFiles/knowledge_graph_msgs__rosidl_generator_c.dir/rosidl_generator_c/knowledge_graph_msgs/msg/detail/edge__functions.c.o[0m
[1.812s] [ 11%] [32mBuilding C object CMakeFiles/knowledge_graph_msgs__rosidl_generator_c.dir/rosidl_generator_c/knowledge_graph_msgs/msg/detail/node__functions.c.o[0m
[1.812s] [ 12%] [32mBuilding C object CMakeFiles/knowledge_graph_msgs__rosidl_generator_c.dir/rosidl_generator_c/knowledge_graph_msgs/msg/detail/property__functions.c.o[0m
[1.813s] [ 14%] [32mBuilding C object CMakeFiles/knowledge_graph_msgs__rosidl_generator_c.dir/rosidl_generator_c/knowledge_graph_msgs/msg/detail/graph__functions.c.o[0m
[1.871s] [ 15%] [32mBuilding C object CMakeFiles/knowledge_graph_msgs__rosidl_generator_c.dir/rosidl_generator_c/knowledge_graph_msgs/msg/detail/graph_update__functions.c.o[0m
[1.910s] [ 16%] [32m[1mLinking C shared library libknowledge_graph_msgs__rosidl_generator_c.so[0m
[1.941s] [ 16%] Built target knowledge_graph_msgs__rosidl_generator_c
[1.954s] [ 18%] [34m[1mGenerating C type support for eProsima Fast-RTPS[0m
[1.955s] [ 19%] [34m[1mGenerating C introspection for ROS interfaces[0m
[1.955s] [ 21%] [34m[1mGenerating C type support dispatch for ROS interfaces[0m
[2.189s] [ 23%] [32mBuilding CXX object CMakeFiles/knowledge_graph_msgs__rosidl_typesupport_cpp.dir/rosidl_typesupport_cpp/knowledge_graph_msgs/msg/content__type_support.cpp.o[0m
[2.189s] [ 23%] [32mBuilding CXX object CMakeFiles/knowledge_graph_msgs__rosidl_typesupport_cpp.dir/rosidl_typesupport_cpp/knowledge_graph_msgs/msg/node__type_support.cpp.o[0m
[2.190s] [ 25%] [32mBuilding CXX object CMakeFiles/knowledge_graph_msgs__rosidl_typesupport_cpp.dir/rosidl_typesupport_cpp/knowledge_graph_msgs/msg/property__type_support.cpp.o[0m
[2.461s] [ 26%] [32mBuilding CXX object CMakeFiles/knowledge_graph_msgs__rosidl_typesupport_fastrtps_cpp.dir/rosidl_typesupport_fastrtps_cpp/knowledge_graph_msgs/msg/detail/dds_fastrtps/content__type_support.cpp.o[0m
[2.513s] [ 28%] [32mBuilding CXX object CMakeFiles/knowledge_graph_msgs__rosidl_typesupport_cpp.dir/rosidl_typesupport_cpp/knowledge_graph_msgs/msg/edge__type_support.cpp.o[0m
[2.531s] [ 29%] [32mBuilding CXX object CMakeFiles/knowledge_graph_msgs__rosidl_typesupport_fastrtps_cpp.dir/rosidl_typesupport_fastrtps_cpp/knowledge_graph_msgs/msg/detail/dds_fastrtps/property__type_support.cpp.o[0m
[2.531s] [ 30%] [32mBuilding CXX object CMakeFiles/knowledge_graph_msgs__rosidl_typesupport_cpp.dir/rosidl_typesupport_cpp/knowledge_graph_msgs/msg/graph__type_support.cpp.o[0m
[2.565s] [ 32%] [32mBuilding CXX object CMakeFiles/knowledge_graph_msgs__rosidl_typesupport_introspection_cpp.dir/rosidl_typesupport_introspection_cpp/knowledge_graph_msgs/msg/detail/content__type_support.cpp.o[0m
[2.696s] [ 33%] [32mBuilding CXX object CMakeFiles/knowledge_graph_msgs__rosidl_typesupport_c.dir/rosidl_typesupport_c/knowledge_graph_msgs/msg/content__type_support.cpp.o[0m
[2.739s] [ 35%] [32mBuilding CXX object CMakeFiles/knowledge_graph_msgs__rosidl_typesupport_c.dir/rosidl_typesupport_c/knowledge_graph_msgs/msg/property__type_support.cpp.o[0m
[2.779s] [ 36%] [32mBuilding CXX object CMakeFiles/knowledge_graph_msgs__rosidl_typesupport_c.dir/rosidl_typesupport_c/knowledge_graph_msgs/msg/node__type_support.cpp.o[0m
[2.819s] [ 38%] [32mBuilding CXX object CMakeFiles/knowledge_graph_msgs__rosidl_typesupport_c.dir/rosidl_typesupport_c/knowledge_graph_msgs/msg/edge__type_support.cpp.o[0m
[2.836s] [ 39%] [32mBuilding CXX object CMakeFiles/knowledge_graph_msgs__rosidl_typesupport_introspection_cpp.dir/rosidl_typesupport_introspection_cpp/knowledge_graph_msgs/msg/detail/property__type_support.cpp.o[0m
[2.857s] [ 40%] [32mBuilding CXX object CMakeFiles/knowledge_graph_msgs__rosidl_typesupport_cpp.dir/rosidl_typesupport_cpp/knowledge_graph_msgs/msg/graph_update__type_support.cpp.o[0m
[2.863s] [ 42%] [32mBuilding CXX object CMakeFiles/knowledge_graph_msgs__rosidl_typesupport_c.dir/rosidl_typesupport_c/knowledge_graph_msgs/msg/graph__type_support.cpp.o[0m
[2.886s] [ 43%] [32mBuilding C object CMakeFiles/knowledge_graph_msgs__rosidl_typesupport_introspection_c.dir/rosidl_typesupport_introspection_c/knowledge_graph_msgs/msg/detail/content__type_support.c.o[0m
[2.904s] [ 45%] [32mBuilding CXX object CMakeFiles/knowledge_graph_msgs__rosidl_typesupport_c.dir/rosidl_typesupport_c/knowledge_graph_msgs/msg/graph_update__type_support.cpp.o[0m
[2.909s] [ 46%] [32mBuilding CXX object CMakeFiles/knowledge_graph_msgs__rosidl_typesupport_fastrtps_c.dir/rosidl_typesupport_fastrtps_c/knowledge_graph_msgs/msg/detail/content__type_support_c.cpp.o[0m
[2.948s] [ 47%] [32mBuilding C object CMakeFiles/knowledge_graph_msgs__rosidl_typesupport_introspection_c.dir/rosidl_typesupport_introspection_c/knowledge_graph_msgs/msg/detail/property__type_support.c.o[0m
[2.953s] [ 49%] [32m[1mLinking CXX shared library libknowledge_graph_msgs__rosidl_typesupport_c.so[0m
[2.994s] [ 50%] [32mBuilding C object CMakeFiles/knowledge_graph_msgs__rosidl_typesupport_introspection_c.dir/rosidl_typesupport_introspection_c/knowledge_graph_msgs/msg/detail/node__type_support.c.o[0m
[3.016s] [ 50%] Built target knowledge_graph_msgs__rosidl_typesupport_c
[3.021s] [ 52%] [32mBuilding CXX object CMakeFiles/knowledge_graph_msgs__rosidl_typesupport_fastrtps_c.dir/rosidl_typesupport_fastrtps_c/knowledge_graph_msgs/msg/detail/property__type_support_c.cpp.o[0m
[3.029s] [ 53%] [32mBuilding CXX object CMakeFiles/knowledge_graph_msgs__rosidl_typesupport_fastrtps_c.dir/rosidl_typesupport_fastrtps_c/knowledge_graph_msgs/msg/detail/node__type_support_c.cpp.o[0m
[3.045s] [ 54%] [32mBuilding C object CMakeFiles/knowledge_graph_msgs__rosidl_typesupport_introspection_c.dir/rosidl_typesupport_introspection_c/knowledge_graph_msgs/msg/detail/edge__type_support.c.o[0m
[3.096s] [ 56%] [32mBuilding C object CMakeFiles/knowledge_graph_msgs__rosidl_typesupport_introspection_c.dir/rosidl_typesupport_introspection_c/knowledge_graph_msgs/msg/detail/graph__type_support.c.o[0m
[3.166s] [ 57%] [32mBuilding C object CMakeFiles/knowledge_graph_msgs__rosidl_typesupport_introspection_c.dir/rosidl_typesupport_introspection_c/knowledge_graph_msgs/msg/detail/graph_update__type_support.c.o[0m
[3.174s] [ 59%] [32mBuilding CXX object CMakeFiles/knowledge_graph_msgs__rosidl_typesupport_fastrtps_cpp.dir/rosidl_typesupport_fastrtps_cpp/knowledge_graph_msgs/msg/detail/dds_fastrtps/node__type_support.cpp.o[0m
[3.183s] [ 60%] [32m[1mLinking CXX shared library libknowledge_graph_msgs__rosidl_typesupport_cpp.so[0m
[3.217s] [ 61%] [32m[1mLinking C shared library libknowledge_graph_msgs__rosidl_typesupport_introspection_c.so[0m
[3.248s] [ 61%] Built target knowledge_graph_msgs__rosidl_typesupport_cpp
[3.262s] [ 63%] [32mBuilding CXX object CMakeFiles/knowledge_graph_msgs__rosidl_typesupport_fastrtps_cpp.dir/rosidl_typesupport_fastrtps_cpp/knowledge_graph_msgs/msg/detail/dds_fastrtps/edge__type_support.cpp.o[0m
[3.264s] [ 63%] Built target knowledge_graph_msgs__rosidl_typesupport_introspection_c
[3.275s] [ 64%] [32mBuilding CXX object CMakeFiles/knowledge_graph_msgs__rosidl_typesupport_introspection_cpp.dir/rosidl_typesupport_introspection_cpp/knowledge_graph_msgs/msg/detail/node__type_support.cpp.o[0m
[3.276s] [ 66%] [32mBuilding CXX object CMakeFiles/knowledge_graph_msgs__rosidl_typesupport_fastrtps_cpp.dir/rosidl_typesupport_fastrtps_cpp/knowledge_graph_msgs/msg/detail/dds_fastrtps/graph__type_support.cpp.o[0m
[3.325s] [ 67%] [32mBuilding CXX object CMakeFiles/knowledge_graph_msgs__rosidl_typesupport_fastrtps_c.dir/rosidl_typesupport_fastrtps_c/knowledge_graph_msgs/msg/detail/edge__type_support_c.cpp.o[0m
[3.356s] [ 69%] [32mBuilding CXX object CMakeFiles/knowledge_graph_msgs__rosidl_typesupport_introspection_cpp.dir/rosidl_typesupport_introspection_cpp/knowledge_graph_msgs/msg/detail/edge__type_support.cpp.o[0m
[3.401s] [ 70%] [32mBuilding CXX object CMakeFiles/knowledge_graph_msgs__rosidl_typesupport_fastrtps_c.dir/rosidl_typesupport_fastrtps_c/knowledge_graph_msgs/msg/detail/graph__type_support_c.cpp.o[0m
[3.441s] [ 71%] [32mBuilding CXX object CMakeFiles/knowledge_graph_msgs__rosidl_typesupport_fastrtps_c.dir/rosidl_typesupport_fastrtps_c/knowledge_graph_msgs/msg/detail/graph_update__type_support_c.cpp.o[0m
[3.746s] [ 73%] [32mBuilding CXX object CMakeFiles/knowledge_graph_msgs__rosidl_typesupport_introspection_cpp.dir/rosidl_typesupport_introspection_cpp/knowledge_graph_msgs/msg/detail/graph__type_support.cpp.o[0m
[3.815s] [ 74%] [32mBuilding CXX object CMakeFiles/knowledge_graph_msgs__rosidl_typesupport_introspection_cpp.dir/rosidl_typesupport_introspection_cpp/knowledge_graph_msgs/msg/detail/graph_update__type_support.cpp.o[0m
[3.843s] [ 76%] [32mBuilding CXX object CMakeFiles/knowledge_graph_msgs__rosidl_typesupport_fastrtps_cpp.dir/rosidl_typesupport_fastrtps_cpp/knowledge_graph_msgs/msg/detail/dds_fastrtps/graph_update__type_support.cpp.o[0m
[3.866s] [ 77%] [32m[1mLinking CXX shared library libknowledge_graph_msgs__rosidl_typesupport_fastrtps_c.so[0m
[3.966s] [ 77%] Built target knowledge_graph_msgs__rosidl_typesupport_fastrtps_c
[4.165s] [ 78%] [32m[1mLinking CXX shared library libknowledge_graph_msgs__rosidl_typesupport_fastrtps_cpp.so[0m
[4.230s] [ 78%] Built target knowledge_graph_msgs__rosidl_typesupport_fastrtps_cpp
[4.312s] [ 80%] [32m[1mLinking CXX shared library libknowledge_graph_msgs__rosidl_typesupport_introspection_cpp.so[0m
[4.380s] [ 80%] Built target knowledge_graph_msgs__rosidl_typesupport_introspection_cpp
[4.396s] [ 80%] Built target knowledge_graph_msgs
[4.415s] [ 81%] [34m[1mGenerating Python code for ROS interfaces[0m
[5.160s] [ 81%] Built target knowledge_graph_msgs__py
[5.178s] [ 83%] [32mBuilding C object CMakeFiles/knowledge_graph_msgs__rosidl_generator_py.dir/rosidl_generator_py/knowledge_graph_msgs/msg/_property_s.c.o[0m
[5.178s] [ 84%] [32mBuilding C object CMakeFiles/knowledge_graph_msgs__rosidl_generator_py.dir/rosidl_generator_py/knowledge_graph_msgs/msg/_edge_s.c.o[0m
[5.179s] [ 85%] [32mBuilding C object CMakeFiles/knowledge_graph_msgs__rosidl_generator_py.dir/rosidl_generator_py/knowledge_graph_msgs/msg/_content_s.c.o[0m
[5.179s] [ 87%] [32mBuilding C object CMakeFiles/knowledge_graph_msgs__rosidl_generator_py.dir/rosidl_generator_py/knowledge_graph_msgs/msg/_node_s.c.o[0m
[5.180s] [ 88%] [32mBuilding C object CMakeFiles/knowledge_graph_msgs__rosidl_generator_py.dir/rosidl_generator_py/knowledge_graph_msgs/msg/_graph_s.c.o[0m
[5.180s] [ 90%] [32mBuilding C object CMakeFiles/knowledge_graph_msgs__rosidl_generator_py.dir/rosidl_generator_py/knowledge_graph_msgs/msg/_graph_update_s.c.o[0m
[5.322s] [ 91%] [32m[1mLinking C shared library rosidl_generator_py/knowledge_graph_msgs/libknowledge_graph_msgs__rosidl_generator_py.so[0m
[5.354s] [ 91%] Built target knowledge_graph_msgs__rosidl_generator_py
[5.372s] [ 95%] [32mBuilding C object CMakeFiles/knowledge_graph_msgs__rosidl_typesupport_c__pyext.dir/rosidl_generator_py/knowledge_graph_msgs/_knowledge_graph_msgs_s.ep.rosidl_typesupport_c.c.o[0m
[5.372s] [ 95%] [32mBuilding C object CMakeFiles/knowledge_graph_msgs__rosidl_typesupport_fastrtps_c__pyext.dir/rosidl_generator_py/knowledge_graph_msgs/_knowledge_graph_msgs_s.ep.rosidl_typesupport_fastrtps_c.c.o[0m
[5.372s] [ 95%] [32mBuilding C object CMakeFiles/knowledge_graph_msgs__rosidl_typesupport_introspection_c__pyext.dir/rosidl_generator_py/knowledge_graph_msgs/_knowledge_graph_msgs_s.ep.rosidl_typesupport_introspection_c.c.o[0m
[5.453s] [ 98%] [32m[1mLinking C shared library rosidl_generator_py/knowledge_graph_msgs/knowledge_graph_msgs_s__rosidl_typesupport_c.cpython-310-x86_64-linux-gnu.so[0m
[5.453s] [ 98%] [32m[1mLinking C shared library rosidl_generator_py/knowledge_graph_msgs/knowledge_graph_msgs_s__rosidl_typesupport_introspection_c.cpython-310-x86_64-linux-gnu.so[0m
[5.457s] [100%] [32m[1mLinking C shared library rosidl_generator_py/knowledge_graph_msgs/knowledge_graph_msgs_s__rosidl_typesupport_fastrtps_c.cpython-310-x86_64-linux-gnu.so[0m
[5.483s] [100%] Built target knowledge_graph_msgs__rosidl_typesupport_c__pyext
[5.483s] [100%] Built target knowledge_graph_msgs__rosidl_typesupport_introspection_c__pyext
[5.486s] [100%] Built target knowledge_graph_msgs__rosidl_typesupport_fastrtps_c__pyext
[5.495s] Invoked command in '/home/carmendrpr/ros2_ws/src/knowledge_graph/knowledge_graph_msgs/build/knowledge_graph_msgs' returned '0': CMAKE_PREFIX_PATH=${CMAKE_PREFIX_PATH}:/home/carmendrpr/ros2_ws/install/knowledge_graph_viewer:/home/carmendrpr/aerostack2_ws/install/as2_keyboard_teleoperation:/home/carmendrpr/aerostack2_ws/install/as2_python_api:/opt/ros/humble /usr/bin/cmake --build /home/carmendrpr/ros2_ws/src/knowledge_graph/knowledge_graph_msgs/build/knowledge_graph_msgs -- -j8 -l8
[5.854s] Invoking command in '/home/carmendrpr/ros2_ws/src/knowledge_graph/knowledge_graph_msgs/build/knowledge_graph_msgs': CMAKE_PREFIX_PATH=${CMAKE_PREFIX_PATH}:/home/carmendrpr/ros2_ws/install/knowledge_graph_viewer:/home/carmendrpr/aerostack2_ws/install/as2_keyboard_teleoperation:/home/carmendrpr/aerostack2_ws/install/as2_python_api:/opt/ros/humble /usr/bin/cmake --install /home/carmendrpr/ros2_ws/src/knowledge_graph/knowledge_graph_msgs/build/knowledge_graph_msgs
[5.860s] -- Install configuration: ""
[5.861s] -- Execute custom install script
[5.861s] -- Symlinking: /home/carmendrpr/ros2_ws/src/knowledge_graph/knowledge_graph_msgs/install/knowledge_graph_msgs/share/ament_index/resource_index/rosidl_interfaces/knowledge_graph_msgs
[5.868s] -- Symlinking: /home/carmendrpr/ros2_ws/src/knowledge_graph/knowledge_graph_msgs/install/knowledge_graph_msgs/include/knowledge_graph_msgs/knowledge_graph_msgs/msg/content.h
[5.875s] -- Symlinking: /home/carmendrpr/ros2_ws/src/knowledge_graph/knowledge_graph_msgs/install/knowledge_graph_msgs/include/knowledge_graph_msgs/knowledge_graph_msgs/msg/detail/content__functions.h
[5.884s] -- Symlinking: /home/carmendrpr/ros2_ws/src/knowledge_graph/knowledge_graph_msgs/install/knowledge_graph_msgs/include/knowledge_graph_msgs/knowledge_graph_msgs/msg/detail/content__struct.h
[5.892s] -- Symlinking: /home/carmendrpr/ros2_ws/src/knowledge_graph/knowledge_graph_msgs/install/knowledge_graph_msgs/include/knowledge_graph_msgs/knowledge_graph_msgs/msg/detail/content__type_support.h
[5.901s] -- Symlinking: /home/carmendrpr/ros2_ws/src/knowledge_graph/knowledge_graph_msgs/install/knowledge_graph_msgs/include/knowledge_graph_msgs/knowledge_graph_msgs/msg/detail/edge__functions.h
[5.909s] -- Symlinking: /home/carmendrpr/ros2_ws/src/knowledge_graph/knowledge_graph_msgs/install/knowledge_graph_msgs/include/knowledge_graph_msgs/knowledge_graph_msgs/msg/detail/edge__struct.h
[5.919s] -- Symlinking: /home/carmendrpr/ros2_ws/src/knowledge_graph/knowledge_graph_msgs/install/knowledge_graph_msgs/include/knowledge_graph_msgs/knowledge_graph_msgs/msg/detail/edge__type_support.h
[5.927s] -- Symlinking: /home/carmendrpr/ros2_ws/src/knowledge_graph/knowledge_graph_msgs/install/knowledge_graph_msgs/include/knowledge_graph_msgs/knowledge_graph_msgs/msg/detail/graph__functions.h
[5.935s] -- Symlinking: /home/carmendrpr/ros2_ws/src/knowledge_graph/knowledge_graph_msgs/install/knowledge_graph_msgs/include/knowledge_graph_msgs/knowledge_graph_msgs/msg/detail/graph__struct.h
[5.943s] -- Symlinking: /home/carmendrpr/ros2_ws/src/knowledge_graph/knowledge_graph_msgs/install/knowledge_graph_msgs/include/knowledge_graph_msgs/knowledge_graph_msgs/msg/detail/graph__type_support.h
[5.950s] -- Symlinking: /home/carmendrpr/ros2_ws/src/knowledge_graph/knowledge_graph_msgs/install/knowledge_graph_msgs/include/knowledge_graph_msgs/knowledge_graph_msgs/msg/detail/graph_update__functions.h
[5.957s] -- Symlinking: /home/carmendrpr/ros2_ws/src/knowledge_graph/knowledge_graph_msgs/install/knowledge_graph_msgs/include/knowledge_graph_msgs/knowledge_graph_msgs/msg/detail/graph_update__struct.h
[5.964s] -- Symlinking: /home/carmendrpr/ros2_ws/src/knowledge_graph/knowledge_graph_msgs/install/knowledge_graph_msgs/include/knowledge_graph_msgs/knowledge_graph_msgs/msg/detail/graph_update__type_support.h
[5.971s] -- Symlinking: /home/carmendrpr/ros2_ws/src/knowledge_graph/knowledge_graph_msgs/install/knowledge_graph_msgs/include/knowledge_graph_msgs/knowledge_graph_msgs/msg/detail/node__functions.h
[5.977s] -- Symlinking: /home/carmendrpr/ros2_ws/src/knowledge_graph/knowledge_graph_msgs/install/knowledge_graph_msgs/include/knowledge_graph_msgs/knowledge_graph_msgs/msg/detail/node__struct.h
[5.983s] -- Symlinking: /home/carmendrpr/ros2_ws/src/knowledge_graph/knowledge_graph_msgs/install/knowledge_graph_msgs/include/knowledge_graph_msgs/knowledge_graph_msgs/msg/detail/node__type_support.h
[5.989s] -- Symlinking: /home/carmendrpr/ros2_ws/src/knowledge_graph/knowledge_graph_msgs/install/knowledge_graph_msgs/include/knowledge_graph_msgs/knowledge_graph_msgs/msg/detail/property__functions.h
[5.995s] -- Symlinking: /home/carmendrpr/ros2_ws/src/knowledge_graph/knowledge_graph_msgs/install/knowledge_graph_msgs/include/knowledge_graph_msgs/knowledge_graph_msgs/msg/detail/property__struct.h
[6.002s] -- Symlinking: /home/carmendrpr/ros2_ws/src/knowledge_graph/knowledge_graph_msgs/install/knowledge_graph_msgs/include/knowledge_graph_msgs/knowledge_graph_msgs/msg/detail/property__type_support.h
[6.008s] -- Symlinking: /home/carmendrpr/ros2_ws/src/knowledge_graph/knowledge_graph_msgs/install/knowledge_graph_msgs/include/knowledge_graph_msgs/knowledge_graph_msgs/msg/edge.h
[6.015s] -- Symlinking: /home/carmendrpr/ros2_ws/src/knowledge_graph/knowledge_graph_msgs/install/knowledge_graph_msgs/include/knowledge_graph_msgs/knowledge_graph_msgs/msg/graph.h
[6.022s] -- Symlinking: /home/carmendrpr/ros2_ws/src/knowledge_graph/knowledge_graph_msgs/install/knowledge_graph_msgs/include/knowledge_graph_msgs/knowledge_graph_msgs/msg/graph_update.h
[6.029s] -- Symlinking: /home/carmendrpr/ros2_ws/src/knowledge_graph/knowledge_graph_msgs/install/knowledge_graph_msgs/include/knowledge_graph_msgs/knowledge_graph_msgs/msg/node.h
[6.035s] -- Symlinking: /home/carmendrpr/ros2_ws/src/knowledge_graph/knowledge_graph_msgs/install/knowledge_graph_msgs/include/knowledge_graph_msgs/knowledge_graph_msgs/msg/property.h
[6.041s] -- Symlinking: /home/carmendrpr/ros2_ws/src/knowledge_graph/knowledge_graph_msgs/install/knowledge_graph_msgs/include/knowledge_graph_msgs/knowledge_graph_msgs/msg/rosidl_generator_c__visibility_control.h
[6.048s] -- Symlinking: /home/carmendrpr/ros2_ws/src/knowledge_graph/knowledge_graph_msgs/install/knowledge_graph_msgs/share/knowledge_graph_msgs/environment/library_path.sh
[6.055s] -- Symlinking: /home/carmendrpr/ros2_ws/src/knowledge_graph/knowledge_graph_msgs/install/knowledge_graph_msgs/share/knowledge_graph_msgs/environment/library_path.dsv
[6.062s] -- Symlinking: /home/carmendrpr/ros2_ws/src/knowledge_graph/knowledge_graph_msgs/install/knowledge_graph_msgs/include/knowledge_graph_msgs/knowledge_graph_msgs/msg/detail/content__rosidl_typesupport_fastrtps_c.h
[6.068s] -- Symlinking: /home/carmendrpr/ros2_ws/src/knowledge_graph/knowledge_graph_msgs/install/knowledge_graph_msgs/include/knowledge_graph_msgs/knowledge_graph_msgs/msg/detail/edge__rosidl_typesupport_fastrtps_c.h
[6.075s] -- Symlinking: /home/carmendrpr/ros2_ws/src/knowledge_graph/knowledge_graph_msgs/install/knowledge_graph_msgs/include/knowledge_graph_msgs/knowledge_graph_msgs/msg/detail/graph__rosidl_typesupport_fastrtps_c.h
[6.082s] -- Symlinking: /home/carmendrpr/ros2_ws/src/knowledge_graph/knowledge_graph_msgs/install/knowledge_graph_msgs/include/knowledge_graph_msgs/knowledge_graph_msgs/msg/detail/graph_update__rosidl_typesupport_fastrtps_c.h
[6.088s] -- Symlinking: /home/carmendrpr/ros2_ws/src/knowledge_graph/knowledge_graph_msgs/install/knowledge_graph_msgs/include/knowledge_graph_msgs/knowledge_graph_msgs/msg/detail/node__rosidl_typesupport_fastrtps_c.h
[6.095s] -- Symlinking: /home/carmendrpr/ros2_ws/src/knowledge_graph/knowledge_graph_msgs/install/knowledge_graph_msgs/include/knowledge_graph_msgs/knowledge_graph_msgs/msg/detail/property__rosidl_typesupport_fastrtps_c.h
[6.101s] -- Symlinking: /home/carmendrpr/ros2_ws/src/knowledge_graph/knowledge_graph_msgs/install/knowledge_graph_msgs/include/knowledge_graph_msgs/knowledge_graph_msgs/msg/rosidl_typesupport_fastrtps_c__visibility_control.h
[6.108s] -- Symlinking: /home/carmendrpr/ros2_ws/src/knowledge_graph/knowledge_graph_msgs/install/knowledge_graph_msgs/include/knowledge_graph_msgs/knowledge_graph_msgs/msg/content.hpp
[6.114s] -- Symlinking: /home/carmendrpr/ros2_ws/src/knowledge_graph/knowledge_graph_msgs/install/knowledge_graph_msgs/include/knowledge_graph_msgs/knowledge_graph_msgs/msg/detail/content__builder.hpp
[6.120s] -- Symlinking: /home/carmendrpr/ros2_ws/src/knowledge_graph/knowledge_graph_msgs/install/knowledge_graph_msgs/include/knowledge_graph_msgs/knowledge_graph_msgs/msg/detail/content__struct.hpp
[6.127s] -- Symlinking: /home/carmendrpr/ros2_ws/src/knowledge_graph/knowledge_graph_msgs/install/knowledge_graph_msgs/include/knowledge_graph_msgs/knowledge_graph_msgs/msg/detail/content__traits.hpp
[6.133s] -- Symlinking: /home/carmendrpr/ros2_ws/src/knowledge_graph/knowledge_graph_msgs/install/knowledge_graph_msgs/include/knowledge_graph_msgs/knowledge_graph_msgs/msg/detail/edge__builder.hpp
[6.140s] -- Symlinking: /home/carmendrpr/ros2_ws/src/knowledge_graph/knowledge_graph_msgs/install/knowledge_graph_msgs/include/knowledge_graph_msgs/knowledge_graph_msgs/msg/detail/edge__struct.hpp
[6.147s] -- Symlinking: /home/carmendrpr/ros2_ws/src/knowledge_graph/knowledge_graph_msgs/install/knowledge_graph_msgs/include/knowledge_graph_msgs/knowledge_graph_msgs/msg/detail/edge__traits.hpp
[6.153s] -- Symlinking: /home/carmendrpr/ros2_ws/src/knowledge_graph/knowledge_graph_msgs/install/knowledge_graph_msgs/include/knowledge_graph_msgs/knowledge_graph_msgs/msg/detail/graph__builder.hpp
[6.161s] -- Symlinking: /home/carmendrpr/ros2_ws/src/knowledge_graph/knowledge_graph_msgs/install/knowledge_graph_msgs/include/knowledge_graph_msgs/knowledge_graph_msgs/msg/detail/graph__struct.hpp
[6.167s] -- Symlinking: /home/carmendrpr/ros2_ws/src/knowledge_graph/knowledge_graph_msgs/install/knowledge_graph_msgs/include/knowledge_graph_msgs/knowledge_graph_msgs/msg/detail/graph__traits.hpp
[6.173s] -- Symlinking: /home/carmendrpr/ros2_ws/src/knowledge_graph/knowledge_graph_msgs/install/knowledge_graph_msgs/include/knowledge_graph_msgs/knowledge_graph_msgs/msg/detail/graph_update__builder.hpp
[6.179s] -- Symlinking: /home/carmendrpr/ros2_ws/src/knowledge_graph/knowledge_graph_msgs/install/knowledge_graph_msgs/include/knowledge_graph_msgs/knowledge_graph_msgs/msg/detail/graph_update__struct.hpp
[6.186s] -- Symlinking: /home/carmendrpr/ros2_ws/src/knowledge_graph/knowledge_graph_msgs/install/knowledge_graph_msgs/include/knowledge_graph_msgs/knowledge_graph_msgs/msg/detail/graph_update__traits.hpp
[6.192s] -- Symlinking: /home/carmendrpr/ros2_ws/src/knowledge_graph/knowledge_graph_msgs/install/knowledge_graph_msgs/include/knowledge_graph_msgs/knowledge_graph_msgs/msg/detail/node__builder.hpp
[6.198s] -- Symlinking: /home/carmendrpr/ros2_ws/src/knowledge_graph/knowledge_graph_msgs/install/knowledge_graph_msgs/include/knowledge_graph_msgs/knowledge_graph_msgs/msg/detail/node__struct.hpp
[6.205s] -- Symlinking: /home/carmendrpr/ros2_ws/src/knowledge_graph/knowledge_graph_msgs/install/knowledge_graph_msgs/include/knowledge_graph_msgs/knowledge_graph_msgs/msg/detail/node__traits.hpp
[6.211s] -- Symlinking: /home/carmendrpr/ros2_ws/src/knowledge_graph/knowledge_graph_msgs/install/knowledge_graph_msgs/include/knowledge_graph_msgs/knowledge_graph_msgs/msg/detail/property__builder.hpp
[6.218s] -- Symlinking: /home/carmendrpr/ros2_ws/src/knowledge_graph/knowledge_graph_msgs/install/knowledge_graph_msgs/include/knowledge_graph_msgs/knowledge_graph_msgs/msg/detail/property__struct.hpp
[6.225s] -- Symlinking: /home/carmendrpr/ros2_ws/src/knowledge_graph/knowledge_graph_msgs/install/knowledge_graph_msgs/include/knowledge_graph_msgs/knowledge_graph_msgs/msg/detail/property__traits.hpp
[6.231s] -- Symlinking: /home/carmendrpr/ros2_ws/src/knowledge_graph/knowledge_graph_msgs/install/knowledge_graph_msgs/include/knowledge_graph_msgs/knowledge_graph_msgs/msg/edge.hpp
[6.237s] -- Symlinking: /home/carmendrpr/ros2_ws/src/knowledge_graph/knowledge_graph_msgs/install/knowledge_graph_msgs/include/knowledge_graph_msgs/knowledge_graph_msgs/msg/graph.hpp
[6.244s] -- Symlinking: /home/carmendrpr/ros2_ws/src/knowledge_graph/knowledge_graph_msgs/install/knowledge_graph_msgs/include/knowledge_graph_msgs/knowledge_graph_msgs/msg/graph_update.hpp
[6.250s] -- Symlinking: /home/carmendrpr/ros2_ws/src/knowledge_graph/knowledge_graph_msgs/install/knowledge_graph_msgs/include/knowledge_graph_msgs/knowledge_graph_msgs/msg/node.hpp
[6.258s] -- Symlinking: /home/carmendrpr/ros2_ws/src/knowledge_graph/knowledge_graph_msgs/install/knowledge_graph_msgs/include/knowledge_graph_msgs/knowledge_graph_msgs/msg/property.hpp
[6.264s] -- Symlinking: /home/carmendrpr/ros2_ws/src/knowledge_graph/knowledge_graph_msgs/install/knowledge_graph_msgs/include/knowledge_graph_msgs/knowledge_graph_msgs/msg/detail/content__rosidl_typesupport_fastrtps_cpp.hpp
[6.271s] -- Symlinking: /home/carmendrpr/ros2_ws/src/knowledge_graph/knowledge_graph_msgs/install/knowledge_graph_msgs/include/knowledge_graph_msgs/knowledge_graph_msgs/msg/detail/edge__rosidl_typesupport_fastrtps_cpp.hpp
[6.277s] -- Symlinking: /home/carmendrpr/ros2_ws/src/knowledge_graph/knowledge_graph_msgs/install/knowledge_graph_msgs/include/knowledge_graph_msgs/knowledge_graph_msgs/msg/detail/graph__rosidl_typesupport_fastrtps_cpp.hpp
[6.284s] -- Symlinking: /home/carmendrpr/ros2_ws/src/knowledge_graph/knowledge_graph_msgs/install/knowledge_graph_msgs/include/knowledge_graph_msgs/knowledge_graph_msgs/msg/detail/graph_update__rosidl_typesupport_fastrtps_cpp.hpp
[6.293s] -- Symlinking: /home/carmendrpr/ros2_ws/src/knowledge_graph/knowledge_graph_msgs/install/knowledge_graph_msgs/include/knowledge_graph_msgs/knowledge_graph_msgs/msg/detail/node__rosidl_typesupport_fastrtps_cpp.hpp
[6.299s] -- Symlinking: /home/carmendrpr/ros2_ws/src/knowledge_graph/knowledge_graph_msgs/install/knowledge_graph_msgs/include/knowledge_graph_msgs/knowledge_graph_msgs/msg/detail/property__rosidl_typesupport_fastrtps_cpp.hpp
[6.306s] -- Symlinking: /home/carmendrpr/ros2_ws/src/knowledge_graph/knowledge_graph_msgs/install/knowledge_graph_msgs/include/knowledge_graph_msgs/knowledge_graph_msgs/msg/rosidl_typesupport_fastrtps_cpp__visibility_control.h
[6.313s] -- Symlinking: /home/carmendrpr/ros2_ws/src/knowledge_graph/knowledge_graph_msgs/install/knowledge_graph_msgs/include/knowledge_graph_msgs/knowledge_graph_msgs/msg/detail/content__rosidl_typesupport_introspection_c.h
[6.319s] -- Symlinking: /home/carmendrpr/ros2_ws/src/knowledge_graph/knowledge_graph_msgs/install/knowledge_graph_msgs/include/knowledge_graph_msgs/knowledge_graph_msgs/msg/detail/edge__rosidl_typesupport_introspection_c.h
[6.327s] -- Symlinking: /home/carmendrpr/ros2_ws/src/knowledge_graph/knowledge_graph_msgs/install/knowledge_graph_msgs/include/knowledge_graph_msgs/knowledge_graph_msgs/msg/detail/graph__rosidl_typesupport_introspection_c.h
[6.333s] -- Symlinking: /home/carmendrpr/ros2_ws/src/knowledge_graph/knowledge_graph_msgs/install/knowledge_graph_msgs/include/knowledge_graph_msgs/knowledge_graph_msgs/msg/detail/graph_update__rosidl_typesupport_introspection_c.h
[6.340s] -- Symlinking: /home/carmendrpr/ros2_ws/src/knowledge_graph/knowledge_graph_msgs/install/knowledge_graph_msgs/include/knowledge_graph_msgs/knowledge_graph_msgs/msg/detail/node__rosidl_typesupport_introspection_c.h
[6.346s] -- Symlinking: /home/carmendrpr/ros2_ws/src/knowledge_graph/knowledge_graph_msgs/install/knowledge_graph_msgs/include/knowledge_graph_msgs/knowledge_graph_msgs/msg/detail/property__rosidl_typesupport_introspection_c.h
[6.353s] -- Symlinking: /home/carmendrpr/ros2_ws/src/knowledge_graph/knowledge_graph_msgs/install/knowledge_graph_msgs/include/knowledge_graph_msgs/knowledge_graph_msgs/msg/rosidl_typesupport_introspection_c__visibility_control.h
[6.359s] -- Symlinking: /home/carmendrpr/ros2_ws/src/knowledge_graph/knowledge_graph_msgs/install/knowledge_graph_msgs/include/knowledge_graph_msgs/knowledge_graph_msgs/msg/detail/content__rosidl_typesupport_introspection_cpp.hpp
[6.366s] -- Symlinking: /home/carmendrpr/ros2_ws/src/knowledge_graph/knowledge_graph_msgs/install/knowledge_graph_msgs/include/knowledge_graph_msgs/knowledge_graph_msgs/msg/detail/edge__rosidl_typesupport_introspection_cpp.hpp
[6.373s] -- Symlinking: /home/carmendrpr/ros2_ws/src/knowledge_graph/knowledge_graph_msgs/install/knowledge_graph_msgs/include/knowledge_graph_msgs/knowledge_graph_msgs/msg/detail/graph__rosidl_typesupport_introspection_cpp.hpp
[6.379s] -- Symlinking: /home/carmendrpr/ros2_ws/src/knowledge_graph/knowledge_graph_msgs/install/knowledge_graph_msgs/include/knowledge_graph_msgs/knowledge_graph_msgs/msg/detail/graph_update__rosidl_typesupport_introspection_cpp.hpp
[6.386s] -- Symlinking: /home/carmendrpr/ros2_ws/src/knowledge_graph/knowledge_graph_msgs/install/knowledge_graph_msgs/include/knowledge_graph_msgs/knowledge_graph_msgs/msg/detail/node__rosidl_typesupport_introspection_cpp.hpp
[6.392s] -- Symlinking: /home/carmendrpr/ros2_ws/src/knowledge_graph/knowledge_graph_msgs/install/knowledge_graph_msgs/include/knowledge_graph_msgs/knowledge_graph_msgs/msg/detail/property__rosidl_typesupport_introspection_cpp.hpp
[6.399s] -- Symlinking: /home/carmendrpr/ros2_ws/src/knowledge_graph/knowledge_graph_msgs/install/knowledge_graph_msgs/share/knowledge_graph_msgs/environment/pythonpath.sh
[6.406s] -- Symlinking: /home/carmendrpr/ros2_ws/src/knowledge_graph/knowledge_graph_msgs/install/knowledge_graph_msgs/share/knowledge_graph_msgs/environment/pythonpath.dsv
[6.412s] -- Symlinking: /home/carmendrpr/ros2_ws/src/knowledge_graph/knowledge_graph_msgs/install/knowledge_graph_msgs/local/lib/python3.10/dist-packages/knowledge_graph_msgs-0.0.1-py3.10.egg-info/PKG-INFO
[6.419s] -- Symlinking: /home/carmendrpr/ros2_ws/src/knowledge_graph/knowledge_graph_msgs/install/knowledge_graph_msgs/local/lib/python3.10/dist-packages/knowledge_graph_msgs-0.0.1-py3.10.egg-info/SOURCES.txt
[6.425s] -- Symlinking: /home/carmendrpr/ros2_ws/src/knowledge_graph/knowledge_graph_msgs/install/knowledge_graph_msgs/local/lib/python3.10/dist-packages/knowledge_graph_msgs-0.0.1-py3.10.egg-info/dependency_links.txt
[6.432s] -- Symlinking: /home/carmendrpr/ros2_ws/src/knowledge_graph/knowledge_graph_msgs/install/knowledge_graph_msgs/local/lib/python3.10/dist-packages/knowledge_graph_msgs-0.0.1-py3.10.egg-info/top_level.txt
[6.439s] -- Symlinking: /home/carmendrpr/ros2_ws/src/knowledge_graph/knowledge_graph_msgs/install/knowledge_graph_msgs/local/lib/python3.10/dist-packages/knowledge_graph_msgs/__init__.py
[6.445s] -- Symlinking: /home/carmendrpr/ros2_ws/src/knowledge_graph/knowledge_graph_msgs/install/knowledge_graph_msgs/local/lib/python3.10/dist-packages/knowledge_graph_msgs/_knowledge_graph_msgs_s.ep.rosidl_typesupport_c.c
[6.452s] -- Symlinking: /home/carmendrpr/ros2_ws/src/knowledge_graph/knowledge_graph_msgs/install/knowledge_graph_msgs/local/lib/python3.10/dist-packages/knowledge_graph_msgs/_knowledge_graph_msgs_s.ep.rosidl_typesupport_fastrtps_c.c
[6.459s] -- Symlinking: /home/carmendrpr/ros2_ws/src/knowledge_graph/knowledge_graph_msgs/install/knowledge_graph_msgs/local/lib/python3.10/dist-packages/knowledge_graph_msgs/_knowledge_graph_msgs_s.ep.rosidl_typesupport_introspection_c.c
[6.466s] -- Symlinking: /home/carmendrpr/ros2_ws/src/knowledge_graph/knowledge_graph_msgs/install/knowledge_graph_msgs/local/lib/python3.10/dist-packages/knowledge_graph_msgs/knowledge_graph_msgs_s__rosidl_typesupport_c.cpython-310-x86_64-linux-gnu.so
[6.473s] -- Symlinking: /home/carmendrpr/ros2_ws/src/knowledge_graph/knowledge_graph_msgs/install/knowledge_graph_msgs/local/lib/python3.10/dist-packages/knowledge_graph_msgs/knowledge_graph_msgs_s__rosidl_typesupport_fastrtps_c.cpython-310-x86_64-linux-gnu.so
[6.480s] -- Symlinking: /home/carmendrpr/ros2_ws/src/knowledge_graph/knowledge_graph_msgs/install/knowledge_graph_msgs/local/lib/python3.10/dist-packages/knowledge_graph_msgs/knowledge_graph_msgs_s__rosidl_typesupport_introspection_c.cpython-310-x86_64-linux-gnu.so
[6.486s] -- Symlinking: /home/carmendrpr/ros2_ws/src/knowledge_graph/knowledge_graph_msgs/install/knowledge_graph_msgs/local/lib/python3.10/dist-packages/knowledge_graph_msgs/libknowledge_graph_msgs__rosidl_generator_py.so
[6.494s] -- Symlinking: /home/carmendrpr/ros2_ws/src/knowledge_graph/knowledge_graph_msgs/install/knowledge_graph_msgs/local/lib/python3.10/dist-packages/knowledge_graph_msgs/msg/__init__.py
[6.502s] -- Symlinking: /home/carmendrpr/ros2_ws/src/knowledge_graph/knowledge_graph_msgs/install/knowledge_graph_msgs/local/lib/python3.10/dist-packages/knowledge_graph_msgs/msg/_content.py
[6.509s] -- Symlinking: /home/carmendrpr/ros2_ws/src/knowledge_graph/knowledge_graph_msgs/install/knowledge_graph_msgs/local/lib/python3.10/dist-packages/knowledge_graph_msgs/msg/_content_s.c
[6.517s] -- Symlinking: /home/carmendrpr/ros2_ws/src/knowledge_graph/knowledge_graph_msgs/install/knowledge_graph_msgs/local/lib/python3.10/dist-packages/knowledge_graph_msgs/msg/_edge.py
[6.526s] -- Symlinking: /home/carmendrpr/ros2_ws/src/knowledge_graph/knowledge_graph_msgs/install/knowledge_graph_msgs/local/lib/python3.10/dist-packages/knowledge_graph_msgs/msg/_edge_s.c
[6.533s] -- Symlinking: /home/carmendrpr/ros2_ws/src/knowledge_graph/knowledge_graph_msgs/install/knowledge_graph_msgs/local/lib/python3.10/dist-packages/knowledge_graph_msgs/msg/_graph.py
[6.541s] -- Symlinking: /home/carmendrpr/ros2_ws/src/knowledge_graph/knowledge_graph_msgs/install/knowledge_graph_msgs/local/lib/python3.10/dist-packages/knowledge_graph_msgs/msg/_graph_s.c
[6.547s] -- Symlinking: /home/carmendrpr/ros2_ws/src/knowledge_graph/knowledge_graph_msgs/install/knowledge_graph_msgs/local/lib/python3.10/dist-packages/knowledge_graph_msgs/msg/_graph_update.py
[6.554s] -- Symlinking: /home/carmendrpr/ros2_ws/src/knowledge_graph/knowledge_graph_msgs/install/knowledge_graph_msgs/local/lib/python3.10/dist-packages/knowledge_graph_msgs/msg/_graph_update_s.c
[6.560s] -- Symlinking: /home/carmendrpr/ros2_ws/src/knowledge_graph/knowledge_graph_msgs/install/knowledge_graph_msgs/local/lib/python3.10/dist-packages/knowledge_graph_msgs/msg/_node.py
[6.567s] -- Symlinking: /home/carmendrpr/ros2_ws/src/knowledge_graph/knowledge_graph_msgs/install/knowledge_graph_msgs/local/lib/python3.10/dist-packages/knowledge_graph_msgs/msg/_node_s.c
[6.573s] -- Symlinking: /home/carmendrpr/ros2_ws/src/knowledge_graph/knowledge_graph_msgs/install/knowledge_graph_msgs/local/lib/python3.10/dist-packages/knowledge_graph_msgs/msg/_property.py
[6.579s] -- Symlinking: /home/carmendrpr/ros2_ws/src/knowledge_graph/knowledge_graph_msgs/install/knowledge_graph_msgs/local/lib/python3.10/dist-packages/knowledge_graph_msgs/msg/_property_s.c
[6.585s] -- Up-to-date symlink: /home/carmendrpr/ros2_ws/src/knowledge_graph/knowledge_graph_msgs/install/knowledge_graph_msgs/local/lib/python3.10/dist-packages/knowledge_graph_msgs/knowledge_graph_msgs_s__rosidl_typesupport_fastrtps_c.cpython-310-x86_64-linux-gnu.so
[6.585s] -- Up-to-date symlink: /home/carmendrpr/ros2_ws/src/knowledge_graph/knowledge_graph_msgs/install/knowledge_graph_msgs/local/lib/python3.10/dist-packages/knowledge_graph_msgs/knowledge_graph_msgs_s__rosidl_typesupport_introspection_c.cpython-310-x86_64-linux-gnu.so
[6.585s] -- Up-to-date symlink: /home/carmendrpr/ros2_ws/src/knowledge_graph/knowledge_graph_msgs/install/knowledge_graph_msgs/local/lib/python3.10/dist-packages/knowledge_graph_msgs/knowledge_graph_msgs_s__rosidl_typesupport_c.cpython-310-x86_64-linux-gnu.so
[6.586s] -- Symlinking: /home/carmendrpr/ros2_ws/src/knowledge_graph/knowledge_graph_msgs/install/knowledge_graph_msgs/share/knowledge_graph_msgs/msg/Content.idl
[6.592s] -- Symlinking: /home/carmendrpr/ros2_ws/src/knowledge_graph/knowledge_graph_msgs/install/knowledge_graph_msgs/share/knowledge_graph_msgs/msg/Property.idl
[6.598s] -- Symlinking: /home/carmendrpr/ros2_ws/src/knowledge_graph/knowledge_graph_msgs/install/knowledge_graph_msgs/share/knowledge_graph_msgs/msg/Node.idl
[6.606s] -- Symlinking: /home/carmendrpr/ros2_ws/src/knowledge_graph/knowledge_graph_msgs/install/knowledge_graph_msgs/share/knowledge_graph_msgs/msg/Edge.idl
[6.612s] -- Symlinking: /home/carmendrpr/ros2_ws/src/knowledge_graph/knowledge_graph_msgs/install/knowledge_graph_msgs/share/knowledge_graph_msgs/msg/Graph.idl
[6.619s] -- Symlinking: /home/carmendrpr/ros2_ws/src/knowledge_graph/knowledge_graph_msgs/install/knowledge_graph_msgs/share/knowledge_graph_msgs/msg/GraphUpdate.idl
[6.626s] -- Symlinking: /home/carmendrpr/ros2_ws/src/knowledge_graph/knowledge_graph_msgs/install/knowledge_graph_msgs/share/knowledge_graph_msgs/msg/Content.msg
[6.632s] -- Symlinking: /home/carmendrpr/ros2_ws/src/knowledge_graph/knowledge_graph_msgs/install/knowledge_graph_msgs/share/knowledge_graph_msgs/msg/Property.msg
[6.639s] -- Symlinking: /home/carmendrpr/ros2_ws/src/knowledge_graph/knowledge_graph_msgs/install/knowledge_graph_msgs/share/knowledge_graph_msgs/msg/Node.msg
[6.645s] -- Symlinking: /home/carmendrpr/ros2_ws/src/knowledge_graph/knowledge_graph_msgs/install/knowledge_graph_msgs/share/knowledge_graph_msgs/msg/Edge.msg
[6.652s] -- Symlinking: /home/carmendrpr/ros2_ws/src/knowledge_graph/knowledge_graph_msgs/install/knowledge_graph_msgs/share/knowledge_graph_msgs/msg/Graph.msg
[6.659s] -- Symlinking: /home/carmendrpr/ros2_ws/src/knowledge_graph/knowledge_graph_msgs/install/knowledge_graph_msgs/share/knowledge_graph_msgs/msg/GraphUpdate.msg
[6.666s] -- Symlinking: /home/carmendrpr/ros2_ws/src/knowledge_graph/knowledge_graph_msgs/install/knowledge_graph_msgs/share/ament_index/resource_index/package_run_dependencies/knowledge_graph_msgs
[6.674s] -- Symlinking: /home/carmendrpr/ros2_ws/src/knowledge_graph/knowledge_graph_msgs/install/knowledge_graph_msgs/share/ament_index/resource_index/parent_prefix_path/knowledge_graph_msgs
[6.681s] -- Symlinking: /home/carmendrpr/ros2_ws/src/knowledge_graph/knowledge_graph_msgs/install/knowledge_graph_msgs/share/knowledge_graph_msgs/environment/ament_prefix_path.sh
[6.688s] -- Symlinking: /home/carmendrpr/ros2_ws/src/knowledge_graph/knowledge_graph_msgs/install/knowledge_graph_msgs/share/knowledge_graph_msgs/environment/ament_prefix_path.dsv
[6.695s] -- Symlinking: /home/carmendrpr/ros2_ws/src/knowledge_graph/knowledge_graph_msgs/install/knowledge_graph_msgs/share/knowledge_graph_msgs/environment/path.sh
[6.702s] -- Symlinking: /home/carmendrpr/ros2_ws/src/knowledge_graph/knowledge_graph_msgs/install/knowledge_graph_msgs/share/knowledge_graph_msgs/environment/path.dsv
[6.709s] -- Symlinking: /home/carmendrpr/ros2_ws/src/knowledge_graph/knowledge_graph_msgs/install/knowledge_graph_msgs/share/knowledge_graph_msgs/local_setup.bash
[6.716s] -- Symlinking: /home/carmendrpr/ros2_ws/src/knowledge_graph/knowledge_graph_msgs/install/knowledge_graph_msgs/share/knowledge_graph_msgs/local_setup.sh
[6.722s] -- Symlinking: /home/carmendrpr/ros2_ws/src/knowledge_graph/knowledge_graph_msgs/install/knowledge_graph_msgs/share/knowledge_graph_msgs/local_setup.zsh
[6.729s] -- Symlinking: /home/carmendrpr/ros2_ws/src/knowledge_graph/knowledge_graph_msgs/install/knowledge_graph_msgs/share/knowledge_graph_msgs/local_setup.dsv
[6.735s] -- Symlinking: /home/carmendrpr/ros2_ws/src/knowledge_graph/knowledge_graph_msgs/install/knowledge_graph_msgs/share/knowledge_graph_msgs/package.dsv
[6.744s] -- Symlinking: /home/carmendrpr/ros2_ws/src/knowledge_graph/knowledge_graph_msgs/install/knowledge_graph_msgs/share/ament_index/resource_index/packages/knowledge_graph_msgs
[6.751s] -- Symlinking: /home/carmendrpr/ros2_ws/src/knowledge_graph/knowledge_graph_msgs/install/knowledge_graph_msgs/share/knowledge_graph_msgs/cmake/rosidl_cmake-extras.cmake
[6.759s] -- Symlinking: /home/carmendrpr/ros2_ws/src/knowledge_graph/knowledge_graph_msgs/install/knowledge_graph_msgs/share/knowledge_graph_msgs/cmake/ament_cmake_export_dependencies-extras.cmake
[6.767s] -- Symlinking: /home/carmendrpr/ros2_ws/src/knowledge_graph/knowledge_graph_msgs/install/knowledge_graph_msgs/share/knowledge_graph_msgs/cmake/ament_cmake_export_include_directories-extras.cmake
[6.774s] -- Symlinking: /home/carmendrpr/ros2_ws/src/knowledge_graph/knowledge_graph_msgs/install/knowledge_graph_msgs/share/knowledge_graph_msgs/cmake/ament_cmake_export_libraries-extras.cmake
[6.781s] -- Symlinking: /home/carmendrpr/ros2_ws/src/knowledge_graph/knowledge_graph_msgs/install/knowledge_graph_msgs/share/knowledge_graph_msgs/cmake/ament_cmake_export_targets-extras.cmake
[6.787s] -- Symlinking: /home/carmendrpr/ros2_ws/src/knowledge_graph/knowledge_graph_msgs/install/knowledge_graph_msgs/share/knowledge_graph_msgs/cmake/rosidl_cmake_export_typesupport_targets-extras.cmake
[6.797s] -- Symlinking: /home/carmendrpr/ros2_ws/src/knowledge_graph/knowledge_graph_msgs/install/knowledge_graph_msgs/share/knowledge_graph_msgs/cmake/rosidl_cmake_export_typesupport_libraries-extras.cmake
[6.803s] -- Symlinking: /home/carmendrpr/ros2_ws/src/knowledge_graph/knowledge_graph_msgs/install/knowledge_graph_msgs/share/knowledge_graph_msgs/cmake/knowledge_graph_msgsConfig.cmake
[6.810s] -- Symlinking: /home/carmendrpr/ros2_ws/src/knowledge_graph/knowledge_graph_msgs/install/knowledge_graph_msgs/share/knowledge_graph_msgs/cmake/knowledge_graph_msgsConfig-version.cmake
[6.817s] -- Symlinking: /home/carmendrpr/ros2_ws/src/knowledge_graph/knowledge_graph_msgs/install/knowledge_graph_msgs/share/knowledge_graph_msgs/package.xml
[6.823s] -- Installing: /home/carmendrpr/ros2_ws/src/knowledge_graph/knowledge_graph_msgs/install/knowledge_graph_msgs/lib/libknowledge_graph_msgs__rosidl_generator_c.so
[6.823s] -- Set runtime path of "/home/carmendrpr/ros2_ws/src/knowledge_graph/knowledge_graph_msgs/install/knowledge_graph_msgs/lib/libknowledge_graph_msgs__rosidl_generator_c.so" to ""
[6.823s] -- Installing: /home/carmendrpr/ros2_ws/src/knowledge_graph/knowledge_graph_msgs/install/knowledge_graph_msgs/lib/libknowledge_graph_msgs__rosidl_typesupport_fastrtps_c.so
[6.823s] -- Set runtime path of "/home/carmendrpr/ros2_ws/src/knowledge_graph/knowledge_graph_msgs/install/knowledge_graph_msgs/lib/libknowledge_graph_msgs__rosidl_typesupport_fastrtps_c.so" to ""
[6.823s] -- Installing: /home/carmendrpr/ros2_ws/src/knowledge_graph/knowledge_graph_msgs/install/knowledge_graph_msgs/lib/libknowledge_graph_msgs__rosidl_typesupport_fastrtps_cpp.so
[6.824s] -- Set runtime path of "/home/carmendrpr/ros2_ws/src/knowledge_graph/knowledge_graph_msgs/install/knowledge_graph_msgs/lib/libknowledge_graph_msgs__rosidl_typesupport_fastrtps_cpp.so" to ""
[6.824s] -- Installing: /home/carmendrpr/ros2_ws/src/knowledge_graph/knowledge_graph_msgs/install/knowledge_graph_msgs/lib/libknowledge_graph_msgs__rosidl_typesupport_introspection_c.so
[6.824s] -- Set runtime path of "/home/carmendrpr/ros2_ws/src/knowledge_graph/knowledge_graph_msgs/install/knowledge_graph_msgs/lib/libknowledge_graph_msgs__rosidl_typesupport_introspection_c.so" to ""
[6.824s] -- Installing: /home/carmendrpr/ros2_ws/src/knowledge_graph/knowledge_graph_msgs/install/knowledge_graph_msgs/lib/libknowledge_graph_msgs__rosidl_typesupport_c.so
[6.824s] -- Set runtime path of "/home/carmendrpr/ros2_ws/src/knowledge_graph/knowledge_graph_msgs/install/knowledge_graph_msgs/lib/libknowledge_graph_msgs__rosidl_typesupport_c.so" to ""
[6.824s] -- Installing: /home/carmendrpr/ros2_ws/src/knowledge_graph/knowledge_graph_msgs/install/knowledge_graph_msgs/lib/libknowledge_graph_msgs__rosidl_typesupport_introspection_cpp.so
[6.824s] -- Set runtime path of "/home/carmendrpr/ros2_ws/src/knowledge_graph/knowledge_graph_msgs/install/knowledge_graph_msgs/lib/libknowledge_graph_msgs__rosidl_typesupport_introspection_cpp.so" to ""
[6.824s] -- Installing: /home/carmendrpr/ros2_ws/src/knowledge_graph/knowledge_graph_msgs/install/knowledge_graph_msgs/lib/libknowledge_graph_msgs__rosidl_typesupport_cpp.so
[6.825s] -- Set runtime path of "/home/carmendrpr/ros2_ws/src/knowledge_graph/knowledge_graph_msgs/install/knowledge_graph_msgs/lib/libknowledge_graph_msgs__rosidl_typesupport_cpp.so" to ""
[6.855s] Listing '/home/carmendrpr/ros2_ws/src/knowledge_graph/knowledge_graph_msgs/install/knowledge_graph_msgs/local/lib/python3.10/dist-packages/knowledge_graph_msgs'...
[6.855s] Compiling '/home/carmendrpr/ros2_ws/src/knowledge_graph/knowledge_graph_msgs/install/knowledge_graph_msgs/local/lib/python3.10/dist-packages/knowledge_graph_msgs/__init__.py'...
[6.855s] Listing '/home/carmendrpr/ros2_ws/src/knowledge_graph/knowledge_graph_msgs/install/knowledge_graph_msgs/local/lib/python3.10/dist-packages/knowledge_graph_msgs/msg'...
[6.855s] Compiling '/home/carmendrpr/ros2_ws/src/knowledge_graph/knowledge_graph_msgs/install/knowledge_graph_msgs/local/lib/python3.10/dist-packages/knowledge_graph_msgs/msg/__init__.py'...
[6.855s] Compiling '/home/carmendrpr/ros2_ws/src/knowledge_graph/knowledge_graph_msgs/install/knowledge_graph_msgs/local/lib/python3.10/dist-packages/knowledge_graph_msgs/msg/_content.py'...
[6.855s] Compiling '/home/carmendrpr/ros2_ws/src/knowledge_graph/knowledge_graph_msgs/install/knowledge_graph_msgs/local/lib/python3.10/dist-packages/knowledge_graph_msgs/msg/_edge.py'...
[6.855s] Compiling '/home/carmendrpr/ros2_ws/src/knowledge_graph/knowledge_graph_msgs/install/knowledge_graph_msgs/local/lib/python3.10/dist-packages/knowledge_graph_msgs/msg/_graph.py'...
[6.855s] Compiling '/home/carmendrpr/ros2_ws/src/knowledge_graph/knowledge_graph_msgs/install/knowledge_graph_msgs/local/lib/python3.10/dist-packages/knowledge_graph_msgs/msg/_graph_update.py'...
[6.855s] Compiling '/home/carmendrpr/ros2_ws/src/knowledge_graph/knowledge_graph_msgs/install/knowledge_graph_msgs/local/lib/python3.10/dist-packages/knowledge_graph_msgs/msg/_node.py'...
[6.855s] Compiling '/home/carmendrpr/ros2_ws/src/knowledge_graph/knowledge_graph_msgs/install/knowledge_graph_msgs/local/lib/python3.10/dist-packages/knowledge_graph_msgs/msg/_property.py'...
[6.858s] -- Installing: /home/carmendrpr/ros2_ws/src/knowledge_graph/knowledge_graph_msgs/install/knowledge_graph_msgs/lib/libknowledge_graph_msgs__rosidl_generator_py.so
[6.858s] -- Set runtime path of "/home/carmendrpr/ros2_ws/src/knowledge_graph/knowledge_graph_msgs/install/knowledge_graph_msgs/lib/libknowledge_graph_msgs__rosidl_generator_py.so" to ""
[6.858s] -- Installing: /home/carmendrpr/ros2_ws/src/knowledge_graph/knowledge_graph_msgs/install/knowledge_graph_msgs/share/knowledge_graph_msgs/cmake/export_knowledge_graph_msgs__rosidl_generator_cExport.cmake
[6.858s] -- Installing: /home/carmendrpr/ros2_ws/src/knowledge_graph/knowledge_graph_msgs/install/knowledge_graph_msgs/share/knowledge_graph_msgs/cmake/export_knowledge_graph_msgs__rosidl_generator_cExport-noconfig.cmake
[6.858s] -- Installing: /home/carmendrpr/ros2_ws/src/knowledge_graph/knowledge_graph_msgs/install/knowledge_graph_msgs/share/knowledge_graph_msgs/cmake/export_knowledge_graph_msgs__rosidl_typesupport_fastrtps_cExport.cmake
[6.858s] -- Installing: /home/carmendrpr/ros2_ws/src/knowledge_graph/knowledge_graph_msgs/install/knowledge_graph_msgs/share/knowledge_graph_msgs/cmake/export_knowledge_graph_msgs__rosidl_typesupport_fastrtps_cExport-noconfig.cmake
[6.858s] -- Installing: /home/carmendrpr/ros2_ws/src/knowledge_graph/knowledge_graph_msgs/install/knowledge_graph_msgs/share/knowledge_graph_msgs/cmake/export_knowledge_graph_msgs__rosidl_generator_cppExport.cmake
[6.858s] -- Installing: /home/carmendrpr/ros2_ws/src/knowledge_graph/knowledge_graph_msgs/install/knowledge_graph_msgs/share/knowledge_graph_msgs/cmake/export_knowledge_graph_msgs__rosidl_typesupport_fastrtps_cppExport.cmake
[6.859s] -- Installing: /home/carmendrpr/ros2_ws/src/knowledge_graph/knowledge_graph_msgs/install/knowledge_graph_msgs/share/knowledge_graph_msgs/cmake/export_knowledge_graph_msgs__rosidl_typesupport_fastrtps_cppExport-noconfig.cmake
[6.859s] -- Installing: /home/carmendrpr/ros2_ws/src/knowledge_graph/knowledge_graph_msgs/install/knowledge_graph_msgs/share/knowledge_graph_msgs/cmake/knowledge_graph_msgs__rosidl_typesupport_introspection_cExport.cmake
[6.859s] -- Installing: /home/carmendrpr/ros2_ws/src/knowledge_graph/knowledge_graph_msgs/install/knowledge_graph_msgs/share/knowledge_graph_msgs/cmake/knowledge_graph_msgs__rosidl_typesupport_introspection_cExport-noconfig.cmake
[6.859s] -- Installing: /home/carmendrpr/ros2_ws/src/knowledge_graph/knowledge_graph_msgs/install/knowledge_graph_msgs/share/knowledge_graph_msgs/cmake/knowledge_graph_msgs__rosidl_typesupport_cExport.cmake
[6.859s] -- Installing: /home/carmendrpr/ros2_ws/src/knowledge_graph/knowledge_graph_msgs/install/knowledge_graph_msgs/share/knowledge_graph_msgs/cmake/knowledge_graph_msgs__rosidl_typesupport_cExport-noconfig.cmake
[6.859s] -- Installing: /home/carmendrpr/ros2_ws/src/knowledge_graph/knowledge_graph_msgs/install/knowledge_graph_msgs/share/knowledge_graph_msgs/cmake/knowledge_graph_msgs__rosidl_typesupport_introspection_cppExport.cmake
[6.859s] -- Installing: /home/carmendrpr/ros2_ws/src/knowledge_graph/knowledge_graph_msgs/install/knowledge_graph_msgs/share/knowledge_graph_msgs/cmake/knowledge_graph_msgs__rosidl_typesupport_introspection_cppExport-noconfig.cmake
[6.859s] -- Installing: /home/carmendrpr/ros2_ws/src/knowledge_graph/knowledge_graph_msgs/install/knowledge_graph_msgs/share/knowledge_graph_msgs/cmake/knowledge_graph_msgs__rosidl_typesupport_cppExport.cmake
[6.859s] -- Installing: /home/carmendrpr/ros2_ws/src/knowledge_graph/knowledge_graph_msgs/install/knowledge_graph_msgs/share/knowledge_graph_msgs/cmake/knowledge_graph_msgs__rosidl_typesupport_cppExport-noconfig.cmake
[6.859s] -- Installing: /home/carmendrpr/ros2_ws/src/knowledge_graph/knowledge_graph_msgs/install/knowledge_graph_msgs/share/knowledge_graph_msgs/cmake/export_knowledge_graph_msgs__rosidl_generator_pyExport.cmake
[6.859s] -- Installing: /home/carmendrpr/ros2_ws/src/knowledge_graph/knowledge_graph_msgs/install/knowledge_graph_msgs/share/knowledge_graph_msgs/cmake/export_knowledge_graph_msgs__rosidl_generator_pyExport-noconfig.cmake
[6.861s] Invoked command in '/home/carmendrpr/ros2_ws/src/knowledge_graph/knowledge_graph_msgs/build/knowledge_graph_msgs' returned '0': CMAKE_PREFIX_PATH=${CMAKE_PREFIX_PATH}:/home/carmendrpr/ros2_ws/install/knowledge_graph_viewer:/home/carmendrpr/aerostack2_ws/install/as2_keyboard_teleoperation:/home/carmendrpr/aerostack2_ws/install/as2_python_api:/opt/ros/humble /usr/bin/cmake --install /home/carmendrpr/ros2_ws/src/knowledge_graph/knowledge_graph_msgs/build/knowledge_graph_msgs
